2021-09-08 20:16:22
-----------------------
TypeError: Cannot read property 'default' of null
    at Module.__vite_ssr_exports__.default (/src/store/index.js:33:35)
    at Module.__vite_ssr_exports__.default (/src/init.js:563:45)
    at render (/src/entry-server.js:49:36)
    at async /Users/moonchen/Desktop/Github/overseas-web/server.js:67:84}
-----------------------


2021-09-08 20:16:22
-----------------------
TypeError: Cannot read property 'default' of null
    at Module.__vite_ssr_exports__.default (/src/store/index.js:33:35)
    at Module.__vite_ssr_exports__.default (/src/init.js:563:45)
    at render (/src/entry-server.js:49:36)
    at async /Users/moonchen/Desktop/Github/overseas-web/server.js:67:84}
-----------------------


2021-09-08 20:16:22
-----------------------
TypeError: Cannot read property 'default' of null
    at Module.__vite_ssr_exports__.default (/src/store/index.js:33:35)
    at Module.__vite_ssr_exports__.default (/src/init.js:563:45)
    at render (/src/entry-server.js:49:36)
    at async /Users/moonchen/Desktop/Github/overseas-web/server.js:67:84}
-----------------------


2021-09-08 20:16:22
-----------------------
TypeError: Cannot read property 'default' of null
    at Module.__vite_ssr_exports__.default (/src/store/index.js:33:35)
    at Module.__vite_ssr_exports__.default (/src/init.js:563:45)
    at render (/src/entry-server.js:49:36)
    at async /Users/moonchen/Desktop/Github/overseas-web/server.js:67:84}
-----------------------


2021-09-08 20:16:23
-----------------------
TypeError: Cannot read property 'default' of null
    at Module.__vite_ssr_exports__.default (/src/store/index.js:33:35)
    at Module.__vite_ssr_exports__.default (/src/init.js:563:45)
    at render (/src/entry-server.js:49:36)
    at runMicrotasks (<anonymous>)
    at processTicksAndRejections (internal/process/task_queues.js:93:5)
    at async /Users/moonchen/Desktop/Github/overseas-web/server.js:67:84}
-----------------------


2021-09-08 20:16:23
-----------------------
TypeError: Cannot read property 'default' of null
    at Module.__vite_ssr_exports__.default (/src/store/index.js:33:35)
    at Module.__vite_ssr_exports__.default (/src/init.js:563:45)
    at render (/src/entry-server.js:49:36)
    at runMicrotasks (<anonymous>)
    at processTicksAndRejections (internal/process/task_queues.js:93:5)
    at async /Users/moonchen/Desktop/Github/overseas-web/server.js:67:84}
-----------------------


2021-09-08 20:16:23
-----------------------
TypeError: Cannot read property 'default' of null
    at Module.__vite_ssr_exports__.default (/src/store/index.js:33:35)
    at Module.__vite_ssr_exports__.default (/src/init.js:563:45)
    at render (/src/entry-server.js:49:36)
    at runMicrotasks (<anonymous>)
    at processTicksAndRejections (internal/process/task_queues.js:93:5)
    at async /Users/moonchen/Desktop/Github/overseas-web/server.js:67:84}
-----------------------


2021-09-08 20:16:23
-----------------------
TypeError: Cannot read property 'default' of null
    at Module.__vite_ssr_exports__.default (/src/store/index.js:33:35)
    at Module.__vite_ssr_exports__.default (/src/init.js:563:45)
    at render (/src/entry-server.js:49:36)
    at runMicrotasks (<anonymous>)
    at processTicksAndRejections (internal/process/task_queues.js:93:5)
    at async /Users/moonchen/Desktop/Github/overseas-web/server.js:67:84}
-----------------------


2021-09-08 23:54:40
-----------------------
TypeError: Cannot read property 'default' of null
    at Module.__vite_ssr_exports__.default (/src/init.js:564:48)
    at render (/src/entry-server.js:49:36)
    at async /Users/moonchen/Desktop/Github/overseas-web/server.js:67:84}
-----------------------


2021-09-08 23:54:40
-----------------------
TypeError: Cannot read property 'default' of null
    at Module.__vite_ssr_exports__.default (/src/init.js:564:48)
    at render (/src/entry-server.js:49:36)
    at async /Users/moonchen/Desktop/Github/overseas-web/server.js:67:84}
-----------------------


2021-09-08 23:54:40
-----------------------
TypeError: Cannot read property 'default' of null
    at Module.__vite_ssr_exports__.default (/src/init.js:564:48)
    at render (/src/entry-server.js:49:36)
    at async /Users/moonchen/Desktop/Github/overseas-web/server.js:67:84}
-----------------------


2021-09-08 23:54:40
-----------------------
TypeError: Cannot read property 'default' of null
    at Module.__vite_ssr_exports__.default (/src/init.js:564:48)
    at render (/src/entry-server.js:49:36)
    at async /Users/moonchen/Desktop/Github/overseas-web/server.js:67:84}
-----------------------


2021-09-08 23:54:40
-----------------------
TypeError: Cannot read property 'default' of null
    at Module.__vite_ssr_exports__.default (/src/init.js:564:48)
    at render (/src/entry-server.js:49:36)
    at async /Users/moonchen/Desktop/Github/overseas-web/server.js:67:84}
-----------------------


2021-09-08 23:54:40
-----------------------
TypeError: Cannot read property 'default' of null
    at Module.__vite_ssr_exports__.default (/src/init.js:564:48)
    at render (/src/entry-server.js:49:36)
    at async /Users/moonchen/Desktop/Github/overseas-web/server.js:67:84}
-----------------------


2021-09-08 23:54:40
-----------------------
TypeError: Cannot read property 'default' of null
    at Module.__vite_ssr_exports__.default (/src/init.js:564:48)
    at render (/src/entry-server.js:49:36)
    at async /Users/moonchen/Desktop/Github/overseas-web/server.js:67:84}
-----------------------


2021-09-08 23:54:40
-----------------------
TypeError: Cannot read property 'default' of null
    at Module.__vite_ssr_exports__.default (/src/init.js:564:48)
    at render (/src/entry-server.js:49:36)
    at runMicrotasks (<anonymous>)
    at processTicksAndRejections (internal/process/task_queues.js:93:5)
    at async /Users/moonchen/Desktop/Github/overseas-web/server.js:67:84}
-----------------------


2021-09-08 23:54:40
-----------------------
TypeError: Cannot read property 'default' of null
    at Module.__vite_ssr_exports__.default (/src/init.js:564:48)
    at render (/src/entry-server.js:49:36)
    at runMicrotasks (<anonymous>)
    at processTicksAndRejections (internal/process/task_queues.js:93:5)
    at async /Users/moonchen/Desktop/Github/overseas-web/server.js:67:84}
-----------------------


2021-09-08 23:54:40
-----------------------
TypeError: Cannot read property 'default' of null
    at Module.__vite_ssr_exports__.default (/src/init.js:564:48)
    at render (/src/entry-server.js:49:36)
    at runMicrotasks (<anonymous>)
    at processTicksAndRejections (internal/process/task_queues.js:93:5)
    at async /Users/moonchen/Desktop/Github/overseas-web/server.js:67:84}
-----------------------


2021-09-08 23:54:40
-----------------------
TypeError: Cannot read property 'default' of null
    at Module.__vite_ssr_exports__.default (/src/init.js:564:48)
    at render (/src/entry-server.js:49:36)
    at runMicrotasks (<anonymous>)
    at processTicksAndRejections (internal/process/task_queues.js:93:5)
    at async /Users/moonchen/Desktop/Github/overseas-web/server.js:67:84}
-----------------------


2021-09-08 23:54:40
-----------------------
TypeError: Cannot read property 'default' of null
    at Module.__vite_ssr_exports__.default (/src/init.js:564:48)
    at render (/src/entry-server.js:49:36)
    at runMicrotasks (<anonymous>)
    at processTicksAndRejections (internal/process/task_queues.js:93:5)
    at async /Users/moonchen/Desktop/Github/overseas-web/server.js:67:84}
-----------------------


2021-09-08 23:54:40
-----------------------
TypeError: Cannot read property 'default' of null
    at Module.__vite_ssr_exports__.default (/src/init.js:564:48)
    at render (/src/entry-server.js:49:36)
    at runMicrotasks (<anonymous>)
    at processTicksAndRejections (internal/process/task_queues.js:93:5)
    at async /Users/moonchen/Desktop/Github/overseas-web/server.js:67:84}
-----------------------


2021-09-08 23:54:40
-----------------------
TypeError: Cannot read property 'default' of null
    at Module.__vite_ssr_exports__.default (/src/init.js:564:48)
    at render (/src/entry-server.js:49:36)
    at runMicrotasks (<anonymous>)
    at processTicksAndRejections (internal/process/task_queues.js:93:5)
    at async /Users/moonchen/Desktop/Github/overseas-web/server.js:67:84}
-----------------------


2021-09-08 23:54:40
-----------------------
TypeError: Cannot read property 'default' of null
    at Module.__vite_ssr_exports__.default (/src/init.js:564:48)
    at render (/src/entry-server.js:49:36)
    at runMicrotasks (<anonymous>)
    at processTicksAndRejections (internal/process/task_queues.js:93:5)
    at async /Users/moonchen/Desktop/Github/overseas-web/server.js:67:84}
-----------------------


2021-09-08 23:54:40
-----------------------
TypeError: Cannot read property 'default' of null
    at Module.__vite_ssr_exports__.default (/src/init.js:564:48)
    at render (/src/entry-server.js:49:36)
    at runMicrotasks (<anonymous>)
    at processTicksAndRejections (internal/process/task_queues.js:93:5)
    at async /Users/moonchen/Desktop/Github/overseas-web/server.js:67:84}
-----------------------


2021-09-10 13:12:47
-----------------------
TypeError: Cannot destructure property 'appHtml' of '(intermediate value)' as it is undefined.
    at /Users/moonchen/Desktop/Github/overseas-web/server.js:67:15
    at runMicrotasks (<anonymous>)
    at processTicksAndRejections (internal/process/task_queues.js:93:5)}
-----------------------


2021-09-10 13:13:36
-----------------------
TypeError: Cannot destructure property 'appHtml' of '(intermediate value)' as it is undefined.
    at /Users/moonchen/Desktop/Github/overseas-web/server.js:67:15
    at runMicrotasks (<anonymous>)
    at processTicksAndRejections (internal/process/task_queues.js:93:5)}
-----------------------


2021-09-10 13:14:12
-----------------------
TypeError: Cannot destructure property 'appHtml' of '(intermediate value)' as it is undefined.
    at /Users/moonchen/Desktop/Github/overseas-web/server.js:67:15
    at runMicrotasks (<anonymous>)
    at processTicksAndRejections (internal/process/task_queues.js:93:5)}
-----------------------


2021-09-10 13:15:45
-----------------------
TypeError: Cannot destructure property 'appHtml' of '(intermediate value)' as it is undefined.
    at /Users/moonchen/Desktop/Github/overseas-web/server.js:67:15
    at runMicrotasks (<anonymous>)
    at processTicksAndRejections (internal/process/task_queues.js:93:5)}
-----------------------


