../src/assets/dark/placeholder-dark.png
../src/assets/dark/placeholder.png
../src/assets/images/empty.png
../src/assets/images/level1.png
../src/assets/images/level2.png
../src/assets/images/level3.png
../src/assets/images/logo.png
../src/assets/images/picdaili1.png
../src/assets/images/placeholder.png
../src/assets/images/play.jpg
../src/assets/dark/agent/icon_pass@2x.png
../src/assets/dark/agent/icon_user@2x.png
../src/assets/dark/appDownload/android@3x.png
../src/assets/dark/appDownload/ios2@3x.png
../src/assets/dark/appDownload/ios@3x.png
../src/assets/dark/deposit/bank-account@2x.png
../src/assets/dark/esport/bg.png
../src/assets/dark/home/hot_game_bg.png
../src/assets/dark/home/install-guide-icon.png
../src/assets/dark/home/ios.png
../src/assets/dark/home/register.png
../src/assets/dark/home/slide1@3x_en.png
../src/assets/dark/home/slide1@3x_th.png
../src/assets/dark/home/slide1@3x_vi.png
../src/assets/dark/home/slide1@3x_zh-CN.png
../src/assets/dark/home/slide2@3x_en.png
../src/assets/dark/home/slide2@3x_th.png
../src/assets/dark/home/slide2@3x_vi.png
../src/assets/dark/home/slide2@3x_zh-CN.png
../src/assets/dark/home/slide3@3x_en.png
../src/assets/dark/home/slide3@3x_th.png
../src/assets/dark/home/slide3@3x_vi.png
../src/assets/dark/home/slide3@3x_zh-CN.png
../src/assets/dark/site-alert/bg@3x.png
../src/assets/dark/sport/im-tit@3x.png
../src/assets/dark/widthdrawRank/bg.jpg
../src/assets/images/404/403@2x.png
../src/assets/images/404/404@2x.png
../src/assets/images/404/500@2x.png
../src/assets/images/agent/icon_pass@2x.png
../src/assets/images/agent/icon_user@2x.png
../src/assets/images/agent/zbfx@3x.png
../src/assets/images/appDownload/android2@3x.png
../src/assets/images/appDownload/android@3x.png
../src/assets/images/appDownload/download_bg@3x_en.jpg
../src/assets/images/appDownload/download_bg@3x_th.jpg
../src/assets/images/appDownload/download_bg@3x_vi.jpg
../src/assets/images/appDownload/download_bg@3x_zh-CN.jpg
../src/assets/images/appDownload/icon@3x.png
../src/assets/images/appDownload/ios2@3x.png
../src/assets/images/appDownload/ios@3x.png
../src/assets/images/bank-icon/Default.png
../src/assets/images/bank-icon/bank_abc_bg.png
../src/assets/images/bank-icon/bank_abc_logo.png
../src/assets/images/bank-icon/bank_acb_bg.png
../src/assets/images/bank-icon/bank_acb_logo.png
../src/assets/images/bank-icon/bank_agri_bg.png
../src/assets/images/bank-icon/bank_agri_logo.png
../src/assets/images/bank-icon/bank_baac_bg.png
../src/assets/images/bank-icon/bank_baac_logo.png
../src/assets/images/bank-icon/bank_bay_bg.png
../src/assets/images/bank-icon/bank_bay_logo.png
../src/assets/images/bank-icon/bank_bbl_bg.png
../src/assets/images/bank-icon/bank_bbl_logo.png
../src/assets/images/bank-icon/bank_bccb_bg.png
../src/assets/images/bank-icon/bank_bccb_logo.png
../src/assets/images/bank-icon/bank_bidv_bg.png
../src/assets/images/bank-icon/bank_bidv_logo.png
../src/assets/images/bank-icon/bank_boc_bg.png
../src/assets/images/bank-icon/bank_boc_logo.png
../src/assets/images/bank-icon/bank_bocom_bg.png
../src/assets/images/bank-icon/bank_bocom_logo.png
../src/assets/images/bank-icon/bank_bos_bg.png
../src/assets/images/bank-icon/bank_bos_logo.png
../src/assets/images/bank-icon/bank_ccb_bg.png
../src/assets/images/bank-icon/bank_ccb_logo.png
../src/assets/images/bank-icon/bank_ceb_bg.png
../src/assets/images/bank-icon/bank_ceb_logo.png
../src/assets/images/bank-icon/bank_cgb_bg.png
../src/assets/images/bank-icon/bank_cgb_logo.png
../src/assets/images/bank-icon/bank_cib_bg.png
../src/assets/images/bank-icon/bank_cib_logo.png
../src/assets/images/bank-icon/bank_cimb_bg.png
../src/assets/images/bank-icon/bank_cimb_logo.png
../src/assets/images/bank-icon/bank_citi_bg.png
../src/assets/images/bank-icon/bank_citi_logo.png
../src/assets/images/bank-icon/bank_cmb_bg.png
../src/assets/images/bank-icon/bank_cmb_logo.png
../src/assets/images/bank-icon/bank_cmbc_bg.png
../src/assets/images/bank-icon/bank_cmbc_logo.png
../src/assets/images/bank-icon/bank_dab_bg.png
../src/assets/images/bank-icon/bank_dab_logo.png
../src/assets/images/bank-icon/bank_db_bg.png
../src/assets/images/bank-icon/bank_db_logo.png
../src/assets/images/bank-icon/bank_ecitic_bg.png
../src/assets/images/bank-icon/bank_ecitic_logo.png
../src/assets/images/bank-icon/bank_eib_bg.png
../src/assets/images/bank-icon/bank_eib_logo.png
../src/assets/images/bank-icon/bank_exim_bg.png
../src/assets/images/bank-icon/bank_exim_logo.png
../src/assets/images/bank-icon/bank_ghb_bg.png
../src/assets/images/bank-icon/bank_ghb_logo.png
../src/assets/images/bank-icon/bank_gsb_bg.png
../src/assets/images/bank-icon/bank_gsb_logo.png
../src/assets/images/bank-icon/bank_hdbank_bg.png
../src/assets/images/bank-icon/bank_hdbank_logo.png
../src/assets/images/bank-icon/bank_hsbc_bg.png
../src/assets/images/bank-icon/bank_hsbc_logo.png
../src/assets/images/bank-icon/bank_hxb_bg.png
../src/assets/images/bank-icon/bank_hxb_logo.png
../src/assets/images/bank-icon/bank_hzcbc_bg.png
../src/assets/images/bank-icon/bank_hzcbc_logo.png
../src/assets/images/bank-icon/bank_ibank_bg.png
../src/assets/images/bank-icon/bank_ibank_logo.png
../src/assets/images/bank-icon/bank_icbc_bg.png
../src/assets/images/bank-icon/bank_icbc_logo.png
../src/assets/images/bank-icon/bank_isbt_bg.png
../src/assets/images/bank-icon/bank_isbt_logo.png
../src/assets/images/bank-icon/bank_kasikorn_bg.png
../src/assets/images/bank-icon/bank_kasikorn_logo.png
../src/assets/images/bank-icon/bank_kbank_bg.png
../src/assets/images/bank-icon/bank_kbank_logo.png
../src/assets/images/bank-icon/bank_kk_bg.png
../src/assets/images/bank-icon/bank_kk_logo.png
../src/assets/images/bank-icon/bank_ktb_bg.png
../src/assets/images/bank-icon/bank_ktb_logo.png
../src/assets/images/bank-icon/bank_lhbank_bg.png
../src/assets/images/bank-icon/bank_lhbank_logo.png
../src/assets/images/bank-icon/bank_mhb_bg.png
../src/assets/images/bank-icon/bank_mhb_logo.png
../src/assets/images/bank-icon/bank_mhcb_bg.png
../src/assets/images/bank-icon/bank_mhcb_logo.png
../src/assets/images/bank-icon/bank_msb_bg.png
../src/assets/images/bank-icon/bank_msb_logo.png
../src/assets/images/bank-icon/bank_nbcbc_bg.png
../src/assets/images/bank-icon/bank_nbcbc_logo.png
../src/assets/images/bank-icon/bank_ncb_bg.png
../src/assets/images/bank-icon/bank_ncb_logo.png
../src/assets/images/bank-icon/bank_ocb_bg.png
../src/assets/images/bank-icon/bank_ocb_logo.png
../src/assets/images/bank-icon/bank_ocean_bg.png
../src/assets/images/bank-icon/bank_ocean_logo.png
../src/assets/images/bank-icon/bank_pab_bg.png
../src/assets/images/bank-icon/bank_pab_logo.png
../src/assets/images/bank-icon/bank_psbc_bg.png
../src/assets/images/bank-icon/bank_psbc_logo.png
../src/assets/images/bank-icon/bank_pvcom_bg.png
../src/assets/images/bank-icon/bank_pvcom_logo.png
../src/assets/images/bank-icon/bank_sacom_bg.png
../src/assets/images/bank-icon/bank_sacom_logo.png
../src/assets/images/bank-icon/bank_scb_bg.png
../src/assets/images/bank-icon/bank_scb_logo.png
../src/assets/images/bank-icon/bank_scbt_bg.png
../src/assets/images/bank-icon/bank_scbt_logo.png
../src/assets/images/bank-icon/bank_sea_bg.png
../src/assets/images/bank-icon/bank_sea_logo.png
../src/assets/images/bank-icon/bank_shb_bg.png
../src/assets/images/bank-icon/bank_shb_logo.png
../src/assets/images/bank-icon/bank_smbc_bg.png
../src/assets/images/bank-icon/bank_smbc_logo.png
../src/assets/images/bank-icon/bank_spdb_bg.png
../src/assets/images/bank-icon/bank_spdb_logo.png
../src/assets/images/bank-icon/bank_tcb_bg.png
../src/assets/images/bank-icon/bank_tcb_logo.png
../src/assets/images/bank-icon/bank_tcrb_bg.png
../src/assets/images/bank-icon/bank_tcrb_logo.png
../src/assets/images/bank-icon/bank_thailand_bg.png
../src/assets/images/bank-icon/bank_thailand_logo.png
../src/assets/images/bank-icon/bank_tmb_bg.png
../src/assets/images/bank-icon/bank_tmb_logo.png
../src/assets/images/bank-icon/bank_tp_bg.png
../src/assets/images/bank-icon/bank_tp_logo.png
../src/assets/images/bank-icon/bank_tsco_bg.png
../src/assets/images/bank-icon/bank_tsco_logo.png
../src/assets/images/bank-icon/bank_ttb_bg.png
../src/assets/images/bank-icon/bank_ttb_logo.png
../src/assets/images/bank-icon/bank_ty_bg.png
../src/assets/images/bank-icon/bank_ty_logo.png
../src/assets/images/bank-icon/bank_uob_bg.png
../src/assets/images/bank-icon/bank_uob_logo.png
../src/assets/images/bank-icon/bank_vcb_bg.png
../src/assets/images/bank-icon/bank_vcb_logo.png
../src/assets/images/bank-icon/bank_vib_bg.png
../src/assets/images/bank-icon/bank_vib_logo.png
../src/assets/images/bank-icon/bank_vp_bg.png
../src/assets/images/bank-icon/bank_vp_logo.png
../src/assets/images/bank-icon/bank_vtb_bg.png
../src/assets/images/bank-icon/bank_vtb_logo.png
../src/assets/images/bank-icon/bg-bank-card.png
../src/assets/images/center/important.png
../src/assets/images/deposit/bank-account@2x.png
../src/assets/images/deposit/chip-light.png
../src/assets/images/deposit/chip1@2x.png
../src/assets/images/deposit/chip2@2x.png
../src/assets/images/deposit/chip3@2x.png
../src/assets/images/deposit/chip4@2x.png
../src/assets/images/deposit/chip5@2x.png
../src/assets/images/deposit/dc.png
../src/assets/images/electronic/1@2x.png
../src/assets/images/electronic/banner.png
../src/assets/images/esport/bg.png
../src/assets/images/esport/bti.png
../src/assets/images/esport/ibc.png
../src/assets/images/esport/im.png
../src/assets/images/fishing/1.png
../src/assets/images/fishing/2.png
../src/assets/images/fishing/3.png
../src/assets/images/fishing/banner.png
../src/assets/images/footer/jg1-active.png
../src/assets/images/footer/jg1.png
../src/assets/images/footer/jg2-active.png
../src/assets/images/footer/jg2.png
../src/assets/images/footer/pay1-active.png
../src/assets/images/footer/pay1.png
../src/assets/images/footer/pay2-active.png
../src/assets/images/footer/pay2.png
../src/assets/images/footer/pay3-active.png
../src/assets/images/footer/pay3.png
../src/assets/images/footer/pay4-active.png
../src/assets/images/footer/pay4.png
../src/assets/images/footer/pay5-active.png
../src/assets/images/footer/pay5.png
../src/assets/images/footer/pay6-active.png
../src/assets/images/footer/pay6.png
../src/assets/images/footer/pay7-active.png
../src/assets/images/footer/pay7.png
../src/assets/images/footer/pay8-active.png
../src/assets/images/footer/pay8.png
../src/assets/images/footer/pay9-active.png
../src/assets/images/footer/pay9.png
../src/assets/images/footer/plat1-active.png
../src/assets/images/footer/plat1.png
../src/assets/images/footer/plat10-active.png
../src/assets/images/footer/plat10.png
../src/assets/images/footer/plat11-active.png
../src/assets/images/footer/plat11.png
../src/assets/images/footer/plat12-active.png
../src/assets/images/footer/plat12.png
../src/assets/images/footer/plat13-active.png
../src/assets/images/footer/plat13.png
../src/assets/images/footer/plat14-active.png
../src/assets/images/footer/plat14.png
../src/assets/images/footer/plat15-active.png
../src/assets/images/footer/plat15.png
../src/assets/images/footer/plat16-active.png
../src/assets/images/footer/plat16.png
../src/assets/images/footer/plat17-active.png
../src/assets/images/footer/plat17.png
../src/assets/images/footer/plat18-active.png
../src/assets/images/footer/plat18.png
../src/assets/images/footer/plat2-active.png
../src/assets/images/footer/plat2.png
../src/assets/images/footer/plat3-active.png
../src/assets/images/footer/plat3.png
../src/assets/images/footer/plat4-active.png
../src/assets/images/footer/plat4.png
../src/assets/images/footer/plat5-active.png
../src/assets/images/footer/plat5.png
../src/assets/images/footer/plat6-active.png
../src/assets/images/footer/plat6.png
../src/assets/images/footer/plat7-active.png
../src/assets/images/footer/plat7.png
../src/assets/images/footer/plat8-active.png
../src/assets/images/footer/plat8.png
../src/assets/images/footer/plat9-active.png
../src/assets/images/footer/plat9.png
../src/assets/images/footer/safe1-active.png
../src/assets/images/footer/safe1.png
../src/assets/images/footer/social01.png
../src/assets/images/footer/social02.png
../src/assets/images/footer/social03.png
../src/assets/images/footer/social04.png
../src/assets/images/footer/social05.png
../src/assets/images/footer/zr1-active.png
../src/assets/images/footer/zr1.png
../src/assets/images/footer/zr2-active.png
../src/assets/images/footer/zr2.png
../src/assets/images/header/email@2x.png
../src/assets/images/header/en.png
../src/assets/images/header/logo-lm.png
../src/assets/images/header/logo.png
../src/assets/images/header/phone.png
../src/assets/images/header/picdaili1.png
../src/assets/images/header/shuaxin@2x.png
../src/assets/images/header/son-on.png
../src/assets/images/header/son.png
../src/assets/images/header/suncity.png
../src/assets/images/header/th.png
../src/assets/images/header/vi.png
../src/assets/images/header/zh-CN.png
../src/assets/images/header/zh-TW.png
../src/assets/images/header/zhanghu@2x.png
../src/assets/images/help/K19FL8TQSD0VI.png
../src/assets/images/help/K19FLITFPBZL0.png
../src/assets/images/help/K19FLUWMZANQT.png
../src/assets/images/help/K19FM0HKL5IV2.png
../src/assets/images/help/anquan@2x.png
../src/assets/images/help/pz@2x.png
../src/assets/images/help/wenti@2x.png
../src/assets/images/help/youxi@2x.png
../src/assets/images/home/andr.png
../src/assets/images/home/brand.png
../src/assets/images/home/category_icon.png
../src/assets/images/home/cooperation01.png
../src/assets/images/home/cooperation02.png
../src/assets/images/home/discounts_game_bg.png
../src/assets/images/home/discounts_game_pt_bg.png
../src/assets/images/home/discounts_lottery_bg.png
../src/assets/images/home/down-show.png
../src/assets/images/home/esportBj.png
../src/assets/images/home/game.png
../src/assets/images/home/game_bg.png
../src/assets/images/home/game_chess_bg.png
../src/assets/images/home/game_chess_icon.png
../src/assets/images/home/game_electronic_bg.png
../src/assets/images/home/game_electronic_icon.png
../src/assets/images/home/game_fish_bg.png
../src/assets/images/home/game_fish_icon.png
../src/assets/images/home/game_icon.png
../src/assets/images/home/game_immortal_bg.png
../src/assets/images/home/game_immortal_icon.png
../src/assets/images/home/game_lottery_bg.png
../src/assets/images/home/game_lottery_icon.png
../src/assets/images/home/game_real_bg.png
../src/assets/images/home/game_real_icon.png
../src/assets/images/home/game_sports_bg.png
../src/assets/images/home/game_sports_icon.png
../src/assets/images/home/gaming@3x.png
../src/assets/images/home/home_banner.png
../src/assets/images/home/hot_game_bg.png
../src/assets/images/home/install-guide-icon.png
../src/assets/images/home/ios.png
../src/assets/images/home/kefu.png
../src/assets/images/home/qr_code.png
../src/assets/images/home/recommend_icon.png
../src/assets/images/home/safe_icon.png
../src/assets/images/home/slide1@3x_en.png
../src/assets/images/home/slide1@3x_th.png
../src/assets/images/home/slide1@3x_vi.png
../src/assets/images/home/slide1@3x_zh-CN.png
../src/assets/images/home/slide2@3x_en.png
../src/assets/images/home/slide2@3x_th.png
../src/assets/images/home/slide2@3x_vi.png
../src/assets/images/home/slide2@3x_zh-CN.png
../src/assets/images/home/slide3@3x_en.png
../src/assets/images/home/slide3@3x_th.png
../src/assets/images/home/slide3@3x_vi.png
../src/assets/images/home/slide3@3x_zh-CN.png
../src/assets/images/home/swiping_card_icon.png
../src/assets/images/home/yh.png
../src/assets/images/lottery/banner.png
../src/assets/images/lottery/bg-cp.png
../src/assets/images/payment/alipay.png
../src/assets/images/payment/bank.png
../src/assets/images/payment/btc.png
../src/assets/images/payment/dc.png
../src/assets/images/payment/eth.png
../src/assets/images/payment/jd.png
../src/assets/images/payment/online.png
../src/assets/images/payment/qpay.png
../src/assets/images/payment/qq.png
../src/assets/images/payment/usdt.png
../src/assets/images/payment/wechat.png
../src/assets/images/payment/ylzf.png
../src/assets/images/plateform-icons/3K@2x.png
../src/assets/images/plateform-icons/AG@2x.png
../src/assets/images/plateform-icons/AGFS@2x.png
../src/assets/images/plateform-icons/AG_dark@2x.png
../src/assets/images/plateform-icons/ALLBET@2x.png
../src/assets/images/plateform-icons/AS@2x.png
../src/assets/images/plateform-icons/AVIA@2x.png
../src/assets/images/plateform-icons/BBIN@2x.png
../src/assets/images/plateform-icons/BBIN_dark@2x.png
../src/assets/images/plateform-icons/BETSOFT@2x.png
../src/assets/images/plateform-icons/BP@2x.png
../src/assets/images/plateform-icons/BTI@2x.png
../src/assets/images/plateform-icons/BTI_dark@2x.png
../src/assets/images/plateform-icons/CQ9@2x.png
../src/assets/images/plateform-icons/CQ@2x.png
../src/assets/images/plateform-icons/EBET@2x.png
../src/assets/images/plateform-icons/EG@2x.png
../src/assets/images/plateform-icons/ESB@2x.png
../src/assets/images/plateform-icons/EVO@2x.png
../src/assets/images/plateform-icons/FCLOTTO@2x.png
../src/assets/images/plateform-icons/GDG@2x.png
../src/assets/images/plateform-icons/GDG_dark@2x.png
../src/assets/images/plateform-icons/GG@2x.png
../src/assets/images/plateform-icons/GM@2x.png
../src/assets/images/plateform-icons/GN@2x.png
../src/assets/images/plateform-icons/GN_dark@2x.png
../src/assets/images/plateform-icons/GO@2x.png
../src/assets/images/plateform-icons/GPI@2x.png
../src/assets/images/plateform-icons/GPI_dark@2x.png
../src/assets/images/plateform-icons/HAB@2x.png
../src/assets/images/plateform-icons/IBC@2x.png
../src/assets/images/plateform-icons/IBC_dark@2x.png
../src/assets/images/plateform-icons/IG@2x.png
../src/assets/images/plateform-icons/IM@2x.png
../src/assets/images/plateform-icons/IMES@2x.png
../src/assets/images/plateform-icons/IMG@2x.png
../src/assets/images/plateform-icons/IMSB@2x.png
../src/assets/images/plateform-icons/IM_dark@2x.png
../src/assets/images/plateform-icons/ISG@2x.png
../src/assets/images/plateform-icons/ISW@2x.png
../src/assets/images/plateform-icons/JS@2x.png
../src/assets/images/plateform-icons/KISS@2x.png
../src/assets/images/plateform-icons/KISS_dark@2x.png
../src/assets/images/plateform-icons/KY@2x.png
../src/assets/images/plateform-icons/LG@2x.png
../src/assets/images/plateform-icons/LOTTO@2x.png
../src/assets/images/plateform-icons/LY@2x.png
../src/assets/images/plateform-icons/MG@2x.png
../src/assets/images/plateform-icons/MG_dark@2x.png
../src/assets/images/plateform-icons/MT@2x.png
../src/assets/images/plateform-icons/MW@2x.png
../src/assets/images/plateform-icons/N2LIVE@2x.png
../src/assets/images/plateform-icons/N2LIVE_dark@2x.png
../src/assets/images/plateform-icons/NT@2x.png
../src/assets/images/plateform-icons/OG@2x.png
../src/assets/images/plateform-icons/ONEG@2x.png
../src/assets/images/plateform-icons/PG@2x.png
../src/assets/images/plateform-icons/PG_dark@2x.png
../src/assets/images/plateform-icons/PNG@2x.png
../src/assets/images/plateform-icons/PP@2x.png
../src/assets/images/plateform-icons/PP_dark@2x.png
../src/assets/images/plateform-icons/PT@2x.png
../src/assets/images/plateform-icons/PT_dark@2x.png
../src/assets/images/plateform-icons/RT@2x.png
../src/assets/images/plateform-icons/SA@2x.png
../src/assets/images/plateform-icons/SALON@2x.png
../src/assets/images/plateform-icons/SA_dark@2x.png
../src/assets/images/plateform-icons/SEXY@2x.png
../src/assets/images/plateform-icons/SEXY_dark@2x.png
../src/assets/images/plateform-icons/SG@2x.png
../src/assets/images/plateform-icons/SHABA@2x.png
../src/assets/images/plateform-icons/SPG@2x.png
../src/assets/images/plateform-icons/SUNBET@2x.png
../src/assets/images/plateform-icons/SW@2x.png
../src/assets/images/plateform-icons/TF@2x.png
../src/assets/images/plateform-icons/TTG@2x.png
../src/assets/images/plateform-icons/VG@2x.png
../src/assets/images/plateform-icons/VR@2x.png
../src/assets/images/plateform-icons/WQ@2x.png
../src/assets/images/plateform-icons/Z88@2x.png
../src/assets/images/real/ag.png
../src/assets/images/real/banner.png
../src/assets/images/real/gdg.png
../src/assets/images/real/lieb.png
../src/assets/images/real/list-selected.png
../src/assets/images/real/list.png
../src/assets/images/real/love.png
../src/assets/images/real/loved.png
../src/assets/images/real/n2live.png
../src/assets/images/real/sa.png
../src/assets/images/real/sexy.png
../src/assets/images/real/table-selected.png
../src/assets/images/real/table.png
../src/assets/images/register/Device-en@2x.png
../src/assets/images/register/Device-th@2x.png
../src/assets/images/register/Device-vi@2x.png
../src/assets/images/register/Device-zh-CN@2x.png
../src/assets/images/register/and.png
../src/assets/images/register/bet_icon_reg_fast_success@2x.png
../src/assets/images/register/bg@3x.jpg
../src/assets/images/register/cooperation.png
../src/assets/images/register/gift@2x.png
../src/assets/images/register/ios.png
../src/assets/images/register/pic_14@2x.png
../src/assets/images/register/pic_15@2x.png
../src/assets/images/register/pic_16@2x.png
../src/assets/images/register/tag.png
../src/assets/images/site-alert/V1@3x.png
../src/assets/images/site-alert/V2@3x.png
../src/assets/images/site-alert/V3@3x.png
../src/assets/images/site-alert/V4@3x.png
../src/assets/images/site-alert/V5@3x.png
../src/assets/images/site-alert/V6@3x.png
../src/assets/images/site-alert/V7@3x.png
../src/assets/images/site-alert/bg@3x.png
../src/assets/images/site-alert/close@3x.png
../src/assets/images/site-alert/icon1.png
../src/assets/images/site-alert/icon2.png
../src/assets/images/site-alert/icon3.png
../src/assets/images/sport/bti-tit@3x.png
../src/assets/images/sport/bti.png
../src/assets/images/sport/ibc-tit@3x.png
../src/assets/images/sport/ibc.png
../src/assets/images/sport/im-tit@3x.png
../src/assets/images/sport/im.png
../src/assets/images/vip/download_bg@3x.png
../src/assets/images/vip/img_wxts@2x.png
../src/assets/images/vip/vip.png
../src/assets/images/widthdrawRank/bg.jpg
../src/assets/images/widthdrawRank/rank1.png
../src/assets/images/widthdrawRank/rank2.png
../src/assets/images/widthdrawRank/rank3.png
../src/assets/dark/agent/agentLanding/bg-detail.jpg
../src/assets/dark/agent/agentLanding/bg2@2x.png
../src/assets/dark/agent/agentLanding/bg3@2x.jpg
../src/assets/dark/agent/agentLanding/start.png
../src/assets/dark/agent/agentLanding/start@2x.png
../src/assets/dark/center/accountSafe/icon1.png
../src/assets/dark/center/accountSafe/icon2.png
../src/assets/dark/center/accountSafe/icon3.png
../src/assets/dark/center/home/top1.png
../src/assets/dark/center/home/top2.png
../src/assets/dark/center/home/top3.png
../src/assets/images/agent/agentLanding/arrow1.png
../src/assets/images/agent/agentLanding/arrow2.png
../src/assets/images/agent/agentLanding/bg-detail.jpg
../src/assets/images/agent/agentLanding/bg2@2x.png
../src/assets/images/agent/agentLanding/bg3@2x.jpg
../src/assets/images/agent/agentLanding/bg@2x.jpg
../src/assets/images/agent/agentLanding/brand.png
../src/assets/images/agent/agentLanding/icon1.png
../src/assets/images/agent/agentLanding/icon2.png
../src/assets/images/agent/agentLanding/icon3.png
../src/assets/images/agent/agentLanding/icon4.png
../src/assets/images/agent/agentLanding/join1@2x.png
../src/assets/images/agent/agentLanding/join2@2x.png
../src/assets/images/agent/agentLanding/join3@2x.png
../src/assets/images/agent/agentLanding/join4@2x.png
../src/assets/images/agent/agentLanding/join5@2x.png
../src/assets/images/agent/agentLanding/logo2.png
../src/assets/images/agent/agentLanding/person.png
../src/assets/images/agent/agentLanding/start.png
../src/assets/images/agent/header/APP@3x.png
../src/assets/images/agent/header/touxiang@3x.png
../src/assets/images/agent/header/zm@3x.png
../src/assets/images/bank-icon/pay-icons/wq_pay_img_parent_1.png
../src/assets/images/bank-icon/pay-icons/wq_pay_img_parent_10.png
../src/assets/images/bank-icon/pay-icons/wq_pay_img_parent_11.png
../src/assets/images/bank-icon/pay-icons/wq_pay_img_parent_12.png
../src/assets/images/bank-icon/pay-icons/wq_pay_img_parent_13.png
../src/assets/images/bank-icon/pay-icons/wq_pay_img_parent_14.png
../src/assets/images/bank-icon/pay-icons/wq_pay_img_parent_15.png
../src/assets/images/bank-icon/pay-icons/wq_pay_img_parent_16.png
../src/assets/images/bank-icon/pay-icons/wq_pay_img_parent_2.png
../src/assets/images/bank-icon/pay-icons/wq_pay_img_parent_3.png
../src/assets/images/bank-icon/pay-icons/wq_pay_img_parent_4.png
../src/assets/images/bank-icon/pay-icons/wq_pay_img_parent_5.png
../src/assets/images/bank-icon/pay-icons/wq_pay_img_parent_7.png
../src/assets/images/bank-icon/pay-icons/wq_pay_img_parent_8.png
../src/assets/images/bank-icon/pay-icons/wq_pay_img_parent_9.png
../src/assets/images/bank-icon/way/wq_pay_img_0.png
../src/assets/images/bank-icon/way/wq_pay_img_1.png
../src/assets/images/bank-icon/way/wq_pay_img_10.png
../src/assets/images/bank-icon/way/wq_pay_img_11.png
../src/assets/images/bank-icon/way/wq_pay_img_12.png
../src/assets/images/bank-icon/way/wq_pay_img_13.png
../src/assets/images/bank-icon/way/wq_pay_img_14.png
../src/assets/images/bank-icon/way/wq_pay_img_15.png
../src/assets/images/bank-icon/way/wq_pay_img_16.png
../src/assets/images/bank-icon/way/wq_pay_img_17.png
../src/assets/images/bank-icon/way/wq_pay_img_18.png
../src/assets/images/bank-icon/way/wq_pay_img_19.png
../src/assets/images/bank-icon/way/wq_pay_img_2.png
../src/assets/images/bank-icon/way/wq_pay_img_20.png
../src/assets/images/bank-icon/way/wq_pay_img_21.png
../src/assets/images/bank-icon/way/wq_pay_img_22.png
../src/assets/images/bank-icon/way/wq_pay_img_23.png
../src/assets/images/bank-icon/way/wq_pay_img_24.png
../src/assets/images/bank-icon/way/wq_pay_img_25.png
../src/assets/images/bank-icon/way/wq_pay_img_3.png
../src/assets/images/bank-icon/way/wq_pay_img_4.png
../src/assets/images/bank-icon/way/wq_pay_img_5.png
../src/assets/images/bank-icon/way/wq_pay_img_6.png
../src/assets/images/bank-icon/way/wq_pay_img_7.png
../src/assets/images/bank-icon/way/wq_pay_img_8.png
../src/assets/images/bank-icon/way/wq_pay_img_9.png
../src/assets/images/center/accountSafe/icon1.png
../src/assets/images/center/accountSafe/icon2.png
../src/assets/images/center/accountSafe/icon3.png
../src/assets/images/center/accountSafe/icon4.png
../src/assets/images/center/accountSafe/icon5.png
../src/assets/images/center/accountSafe/tips.png
../src/assets/images/center/financial/empty@2x.png
../src/assets/images/center/home/avatar@2x.png
../src/assets/images/center/home/help@2x.png
../src/assets/images/center/home/icon1.png
../src/assets/images/center/home/icon2.png
../src/assets/images/center/home/icon3.png
../src/assets/images/center/home/save-money@2x.png
../src/assets/images/center/home/top1.png
../src/assets/images/center/home/top2.png
../src/assets/images/center/home/top3.png
../src/assets/images/center/home/widthdraw-money@2x.png
../src/assets/images/center/level/lv-0@3x.png
../src/assets/images/center/level/lv-10@3x.png
../src/assets/images/center/level/lv-11@3x.png
../src/assets/images/center/level/lv-12@3x.png
../src/assets/images/center/level/lv-1@3x.png
../src/assets/images/center/level/lv-2@3x.png
../src/assets/images/center/level/lv-3@3x.png
../src/assets/images/center/level/lv-4@3x.png
../src/assets/images/center/level/lv-5@3x.png
../src/assets/images/center/level/lv-6@3x.png
../src/assets/images/center/level/lv-7@3x.png
../src/assets/images/center/level/lv-8@3x.png
../src/assets/images/center/level/lv-9@3x.png
../src/assets/images/center/rebate/empty@2x.png
../src/assets/images/center/tipsIcon/error.png
../src/assets/images/center/trans/ck.png
../src/assets/images/center/trans/empty@2x.png
../src/assets/images/center/trans/hl.png
../src/assets/images/center/trans/qk.png
../src/assets/images/center/trans/zb.png
../src/assets/images/center/trans/zz.png
../src/assets/images/center/transfer/exchange@2x.png
../src/assets/images/center/transfer/share.png
../src/assets/images/center/transfer/share1.png
../src/assets/images/center/transfer/share2.png
../src/assets/images/center/transfer/share3.png
../src/assets/images/center/transfer/share4.png
../src/assets/images/center/transfer/share5.png
../src/assets/images/center/transfer/under-fix.png
../src/assets/images/center/widthdraw/address@2x.png
../src/assets/images/center/widthdraw/digital@3x.png
../src/assets/images/center/widthdraw/empty.png
../src/assets/images/center/widthdraw/get.png
../src/assets/images/header/discount/cg@3x.png
../src/assets/images/header/discount/vip@3x.png
../src/assets/images/header/discount/xs@3x.png
../src/assets/images/header/discount/zt.png
../src/assets/images/header/electronic/gn.png
../src/assets/images/header/electronic/mg.png
../src/assets/images/header/electronic/more.png
../src/assets/images/header/electronic/pg.png
../src/assets/images/header/electronic/pt.png
../src/assets/images/header/esport/bti.png
../src/assets/images/header/esport/ibc.png
../src/assets/images/header/esport/im.png
../src/assets/images/header/fish/ag.png
../src/assets/images/header/fish/sa.png
../src/assets/images/header/fish/sexy.png
../src/assets/images/header/lottery/lb.png
../src/assets/images/header/lottery/sgwin.png
../src/assets/images/header/more/download@3x.png
../src/assets/images/header/more/ppzz@3x.png
../src/assets/images/header/more/tj@3x.png
../src/assets/images/header/more/zs@3x.png
../src/assets/images/header/real/ag.png
../src/assets/images/header/real/more.png
../src/assets/images/header/real/n2live.png
../src/assets/images/header/real/sexy.png
../src/assets/images/header/sport/bti.png
../src/assets/images/header/sport/ibc.png
../src/assets/images/header/sport/im.png
../src/current_project/assets/images/image_banner_bk.png
../src/current_project/assets/images/play.jpg
../src/current_project/assets/images/404/403@2x.png
../src/current_project/assets/images/404/404@2x.png
../src/current_project/assets/images/404/500@2x.png
../src/current_project/assets/images/agentLanding/bg.png
../src/current_project/assets/images/agentLanding/brand-rion.jpg
../src/current_project/assets/images/agentLanding/device.png
../src/current_project/assets/images/agentLanding/dltx.png
../src/current_project/assets/images/agentLanding/mask@2x.jpg
../src/current_project/assets/images/agentLanding/picdaili1.png
../src/current_project/assets/images/appDownload/android.png
../src/current_project/assets/images/appDownload/bg.jpg
../src/current_project/assets/images/appDownload/device.png
../src/current_project/assets/images/appDownload/ios.png
../src/current_project/assets/images/appDownload/title.png
../src/current_project/assets/images/bank-icon/Default.png
../src/current_project/assets/images/bank-icon/bank_ty_bg.png
../src/current_project/assets/images/bank-icon/bank_ty_logo.png
../src/current_project/assets/images/brand/1.png
../src/current_project/assets/images/brand/1989.png
../src/current_project/assets/images/brand/2.png
../src/current_project/assets/images/brand/2000.png
../src/current_project/assets/images/brand/2001.png
../src/current_project/assets/images/brand/2004-2005.png
../src/current_project/assets/images/brand/2019.10.16.png
../src/current_project/assets/images/brand/2019.12.08.png
../src/current_project/assets/images/brand/2019.png
../src/current_project/assets/images/brand/3.png
../src/current_project/assets/images/brand/bg.png
../src/current_project/assets/images/brand/brand-logo.png
../src/current_project/assets/images/brand/footerlogo.png
../src/current_project/assets/images/brand/he.png
../src/current_project/assets/images/brand/his-bg.png
../src/current_project/assets/images/brand/img1.png
../src/current_project/assets/images/brand/img2.png
../src/current_project/assets/images/brand/img3.png
../src/current_project/assets/images/brand/kv.png
../src/current_project/assets/images/brand/logo1.png
../src/current_project/assets/images/brand/logoBG.png
../src/current_project/assets/images/brand/ss-1.png
../src/current_project/assets/images/brand/ss-2.png
../src/current_project/assets/images/brand/ss-3.png
../src/current_project/assets/images/brand/ss-BG.png
../src/current_project/assets/images/casino/real-ag.png
../src/current_project/assets/images/casino/real-bbin.png
../src/current_project/assets/images/casino/real-og.png
../src/current_project/assets/images/casino/win-bg.png
../src/current_project/assets/images/channel/3k.png
../src/current_project/assets/images/channel/ag.png
../src/current_project/assets/images/channel/bb.png
../src/current_project/assets/images/channel/bbin.png
../src/current_project/assets/images/channel/bbin2.png
../src/current_project/assets/images/channel/bg.png
../src/current_project/assets/images/channel/border.png
../src/current_project/assets/images/channel/chee.png
../src/current_project/assets/images/channel/chess.png
../src/current_project/assets/images/channel/code-bg.png
../src/current_project/assets/images/channel/first_title_game03.png
../src/current_project/assets/images/channel/fishing.png
../src/current_project/assets/images/channel/gg.png
../src/current_project/assets/images/channel/ggby.png
../src/current_project/assets/images/channel/hot01.1.png
../src/current_project/assets/images/channel/hot01.2.png
../src/current_project/assets/images/channel/hot01.3.png
../src/current_project/assets/images/channel/hot01.4.png
../src/current_project/assets/images/channel/hot02.1.png
../src/current_project/assets/images/channel/hot02.2.png
../src/current_project/assets/images/channel/hot02.3.png
../src/current_project/assets/images/channel/hot02.4.png
../src/current_project/assets/images/channel/hot03.1.png
../src/current_project/assets/images/channel/hot03.2.png
../src/current_project/assets/images/channel/hot03.3.png
../src/current_project/assets/images/channel/hot03.4.png
../src/current_project/assets/images/channel/hot04.1.png
../src/current_project/assets/images/channel/hot04.2.png
../src/current_project/assets/images/channel/hot04.3.png
../src/current_project/assets/images/channel/hot04.4.png
../src/current_project/assets/images/channel/html5.png
../src/current_project/assets/images/channel/im.png
../src/current_project/assets/images/channel/ky.png
../src/current_project/assets/images/channel/line-b.png
../src/current_project/assets/images/channel/line-t.png
../src/current_project/assets/images/channel/ly.png
../src/current_project/assets/images/channel/mw.png
../src/current_project/assets/images/channel/mwby.png
../src/current_project/assets/images/channel/pic01.png
../src/current_project/assets/images/channel/pic02.png
../src/current_project/assets/images/channel/pic03.png
../src/current_project/assets/images/channel/pic04.png
../src/current_project/assets/images/channel/play-bg.png
../src/current_project/assets/images/channel/r-pic.png
../src/current_project/assets/images/channel/r.png
../src/current_project/assets/images/channel/slots.png
../src/current_project/assets/images/channel/slots1.png
../src/current_project/assets/images/channel/slots2.png
../src/current_project/assets/images/channel/slots3.png
../src/current_project/assets/images/channel/slots4.png
../src/current_project/assets/images/channel/slots5.png
../src/current_project/assets/images/channel/slots6.png
../src/current_project/assets/images/channel/thumb01-gray.png
../src/current_project/assets/images/channel/thumb01.png
../src/current_project/assets/images/channel/thumb02-gray.png
../src/current_project/assets/images/channel/thumb02.png
../src/current_project/assets/images/channel/thumb03-gray.png
../src/current_project/assets/images/channel/thumb03.png
../src/current_project/assets/images/channel/thumb04-gray.png
../src/current_project/assets/images/channel/thumb04.png
../src/current_project/assets/images/channel/vg.png
../src/current_project/assets/images/channel/wq.png
../src/current_project/assets/images/chess/bg.jpg
../src/current_project/assets/images/electron/channel_love_active.png
../src/current_project/assets/images/electron/channel_love_normal.png
../src/current_project/assets/images/electron/jpgt@3x.png
../src/current_project/assets/images/electron/jungleparty@3x.png
../src/current_project/assets/images/electron/light-bg.png
../src/current_project/assets/images/electron/light1.png
../src/current_project/assets/images/electron/light2.png
../src/current_project/assets/images/esport/avia.png
../src/current_project/assets/images/esport/im.png
../src/current_project/assets/images/fish/bg.jpg
../src/current_project/assets/images/header/APP.png
../src/current_project/assets/images/header/dn.png
../src/current_project/assets/images/header/down_arrow.png
../src/current_project/assets/images/header/download_text.png
../src/current_project/assets/images/header/email.png
../src/current_project/assets/images/header/icon-money.png
../src/current_project/assets/images/header/icon-user.png
../src/current_project/assets/images/header/logo.png
../src/current_project/assets/images/header/nav-code-bg.png
../src/current_project/assets/images/header/rate-bg-chess@2x.png
../src/current_project/assets/images/header/rate-bg-esport@2x.png
../src/current_project/assets/images/header/rate-bg-fishing@2x.png
../src/current_project/assets/images/header/rate-bg-lottery@2x.png
../src/current_project/assets/images/header/rate-bg-real@2x.png
../src/current_project/assets/images/header/rate-bg-slot@2x.png
../src/current_project/assets/images/header/rate-bg-sport@2x.png
../src/current_project/assets/images/header/refresh.png
../src/current_project/assets/images/header/sc.png
../src/current_project/assets/images/help/K19FL8TQSD0VI.png
../src/current_project/assets/images/help/K19FLITFPBZL0.png
../src/current_project/assets/images/help/K19FM0HKL5IV2.png
../src/current_project/assets/images/help/anquan@2x.png
../src/current_project/assets/images/help/brand1.jpg
../src/current_project/assets/images/help/pinp@2x.png
../src/current_project/assets/images/help/wenti@2x.png
../src/current_project/assets/images/help/youxi@2x.png
../src/current_project/assets/images/plateform-icons/3K@2x.png
../src/current_project/assets/images/plateform-icons/AG@2x.png
../src/current_project/assets/images/plateform-icons/ALLBET@2x.png
../src/current_project/assets/images/plateform-icons/AVIA@2x.png
../src/current_project/assets/images/plateform-icons/BBIN@2x.png
../src/current_project/assets/images/plateform-icons/CQ9@2x.png
../src/current_project/assets/images/plateform-icons/EBET@2x.png
../src/current_project/assets/images/plateform-icons/ESB@2x.png
../src/current_project/assets/images/plateform-icons/EVO@2x.png
../src/current_project/assets/images/plateform-icons/GG@2x.png
../src/current_project/assets/images/plateform-icons/IBC@2x.png
../src/current_project/assets/images/plateform-icons/IG@2x.png
../src/current_project/assets/images/plateform-icons/IM@2x.png
../src/current_project/assets/images/plateform-icons/IMG@2x.png
../src/current_project/assets/images/plateform-icons/IMSB@2x.png
../src/current_project/assets/images/plateform-icons/LG@2x.png
../src/current_project/assets/images/plateform-icons/LHC@2x.png
../src/current_project/assets/images/plateform-icons/LY@2x.png
../src/current_project/assets/images/plateform-icons/MG@2x.png
../src/current_project/assets/images/plateform-icons/MW@2x.png
../src/current_project/assets/images/plateform-icons/NT@2x.png
../src/current_project/assets/images/plateform-icons/OG@2x.png
../src/current_project/assets/images/plateform-icons/PG@2x.png
../src/current_project/assets/images/plateform-icons/PNG@2x.png
../src/current_project/assets/images/plateform-icons/PP@2x.png
../src/current_project/assets/images/plateform-icons/PT@2x.png
../src/current_project/assets/images/plateform-icons/RT@2x.png
../src/current_project/assets/images/plateform-icons/SG@2x.png
../src/current_project/assets/images/plateform-icons/SGWIN@2x.png
../src/current_project/assets/images/plateform-icons/SPG@2x.png
../src/current_project/assets/images/plateform-icons/VG@2x.png
../src/current_project/assets/images/plateform-icons/VR@2x.png
../src/current_project/assets/images/plateform-icons/WQ@2x.png
../src/current_project/assets/images/plateform-icons/ky@2x.png
../src/current_project/assets/images/plateform-icons/mt@2x.png
../src/current_project/assets/images/register/bet_icon_reg_fast_success@2x.png
../src/current_project/assets/images/register/bg.jpg
../src/current_project/assets/images/register/cooperation.png
../src/current_project/assets/images/register/login-bg.jpg
../src/current_project/assets/images/register/success-bg.jpg
../src/current_project/assets/images/register/tag.png
../src/current_project/assets/images/site-notice/bell.png
../src/current_project/assets/images/site-notice/head-bg.png
../src/current_project/assets/images/sport/bbin.png
../src/current_project/assets/images/sport/channel_vs.png
../src/current_project/assets/images/sport/im.png
../src/current_project/assets/images/sport/sb.png
../src/current_project/assets/images/vip/0.png
../src/current_project/assets/images/vip/1.png
../src/current_project/assets/images/vip/10.png
../src/current_project/assets/images/vip/2.png
../src/current_project/assets/images/vip/3.png
../src/current_project/assets/images/vip/4.png
../src/current_project/assets/images/vip/5.png
../src/current_project/assets/images/vip/6.png
../src/current_project/assets/images/vip/7.png
../src/current_project/assets/images/vip/8.png
../src/current_project/assets/images/vip/9.png
../src/current_project/assets/images/vip/bg.jpg
../src/current_project/assets/images/vip/bg.png
../src/current_project/assets/images/vip/girl1.png
../src/current_project/assets/images/vip/girl2.png
../src/current_project/assets/images/vip/girl3.png
../src/current_project/assets/images/vip/girl4.png
../src/current_project/assets/images/vip/girl5.png
../src/current_project/assets/images/vip/vipfl.png
../src/current_project/assets/images/vip/vipfl2.png
../src/current_project/assets/images/vip/wxts.png
../src/current_project/assets/images/widthdrawRank/bg.jpg
../src/current_project/assets/images/widthdrawRank/rank1.png
../src/current_project/assets/images/widthdrawRank/rank2.png
../src/current_project/assets/images/widthdrawRank/rank3.png
../src/current_project/assets/images/channel/leg.png
../src/current_project/assets/images/header/rate-bg-outter@2x.png
../src/current_project/assets/images/center/home/avatar@2x.png
../src/current_project/assets/images/center/home/top1.png
../src/current_project/assets/images/center/home/top2.png
../src/current_project/assets/images/center/home/top3.png
../src/current_project/assets/images/center/transfer/exchange@2x.png
../src/current_project/assets/images/center/widthdraw/digital@3x.png
../src/current_project/assets/images/footer/logo/1.png
../src/current_project/assets/images/footer/logo/10.png
../src/current_project/assets/images/footer/logo/10_active.png
../src/current_project/assets/images/footer/logo/11.png
../src/current_project/assets/images/footer/logo/11_active.png
../src/current_project/assets/images/footer/logo/12.png
../src/current_project/assets/images/footer/logo/12_active.png
../src/current_project/assets/images/footer/logo/1_active.png
../src/current_project/assets/images/footer/logo/2.png
../src/current_project/assets/images/footer/logo/2_active.png
../src/current_project/assets/images/footer/logo/3.png
../src/current_project/assets/images/footer/logo/3_active.png
../src/current_project/assets/images/footer/logo/4.png
../src/current_project/assets/images/footer/logo/4_active.png
../src/current_project/assets/images/footer/logo/5.png
../src/current_project/assets/images/footer/logo/5_active.png
../src/current_project/assets/images/footer/logo/6.png
../src/current_project/assets/images/footer/logo/6_active.png
../src/current_project/assets/images/footer/logo/7.png
../src/current_project/assets/images/footer/logo/7_active.png
../src/current_project/assets/images/footer/logo/8.png
../src/current_project/assets/images/footer/logo/8_active.png
../src/current_project/assets/images/footer/logo/9.png
../src/current_project/assets/images/footer/logo/9_active.png
../src/current_project/assets/images/footer/logo/commission.png
../src/current_project/assets/images/footer/logo/download.png
../src/current_project/assets/images/footer/logo/financial.png
../src/current_project/assets/images/footer/logo/mga.png
../src/current_project/assets/images/footer/logo/oubo.png
../src/current_project/assets/images/footer/logo/pagcor.png
../src/current_project/assets/images/sport/pic1.png
../src/current_project/assets/images/sport/pic10.png
../src/current_project/assets/images/sport/pic11.png
../src/current_project/assets/images/sport/pic12.png
../src/current_project/assets/images/sport/pic2.png
../src/current_project/assets/images/sport/pic3.png
../src/current_project/assets/images/sport/pic4.png
../src/current_project/assets/images/sport/pic5.png
../src/current_project/assets/images/sport/pic6.png
../src/current_project/assets/images/sport/pic7.png
../src/current_project/assets/images/sport/pic8.png
../src/current_project/assets/images/sport/pic9.png
../src/current_project/assets/images/lottery/pic1.png
../src/current_project/assets/images/lottery/pic2.png
../src/current_project/assets/images/lottery/pic3.png
../src/current_project/assets/images/lottery/pic4.png
../src/current_project/assets/images/lottery/pic5.png
../src/current_project/assets/images/lottery/pic6.png
../src/current_project/assets/images/lottery/pic7.png
../src/current_project/assets/images/lottery/pic8.png
../src/current_project/assets/images/esport/pic1.png
../src/current_project/assets/images/esport/pic2.png
../src/current_project/assets/images/esport/pic3.png
../src/current_project/assets/images/esport/pic4.png
../src/current_project/assets/images/esport/pic5.png
../src/current_project/assets/images/esport/pic6.png
../src/current_project/assets/images/esport/pic7.png
../src/current_project/assets/images/esport/pic8.png
../src/current_project/assets/images/header/rate-bg-chess.png
../src/current_project/assets/images/header/rate-bg-esport.png
../src/current_project/assets/images/header/rate-bg-fishing.png
../src/current_project/assets/images/header/rate-bg-lottery.png
../src/current_project/assets/images/header/rate-bg-real.png
../src/current_project/assets/images/header/rate-bg-slot.png
../src/current_project/assets/images/header/rate-bg-sport.png
../src/current_project/assets/images/register/Device-zh-CN@2x.png
../src/current_project/assets/images/error/error.png
../src/current_project/assets/images/404/bg.jpg
../src/current_project/assets/images/agentLanding/Skype.png
../src/current_project/assets/images/agentLanding/Telegram.png
../src/current_project/assets/images/agentLanding/bom_img.png
../src/current_project/assets/images/agentLanding/join.png
../src/current_project/assets/images/agentLanding/join_us_bg.png
../src/current_project/assets/images/agentLanding/join_us_bg1.png
../src/current_project/assets/images/agentLanding/join_us_pic1.png
../src/current_project/assets/images/agentLanding/join_us_pic2.png
../src/current_project/assets/images/agentLanding/join_us_pic3.png
../src/current_project/assets/images/agentLanding/join_us_pic4.png
../src/current_project/assets/images/agentLanding/join_us_pic5.png
../src/current_project/assets/images/agentLanding/join_us_pic6.png
../src/current_project/assets/images/agentLanding/join_us_pic_anq.png
../src/current_project/assets/images/agentLanding/join_us_pic_gengfu.png
../src/current_project/assets/images/agentLanding/join_us_pic_kuai.png
../src/current_project/assets/images/agentLanding/join_us_pic_wen.png
../src/current_project/assets/images/agentLanding/join_us_title1.png
../src/current_project/assets/images/agentLanding/join_us_title1_1.png
../src/current_project/assets/images/agentLanding/join_us_title2.png
../src/current_project/assets/images/agentLanding/join_us_title3.png
../src/current_project/assets/images/agentLanding/qq.png
../src/current_project/assets/images/agentLanding/whatsapp.png
../src/current_project/assets/images/agentLanding/zanzu.png
../src/current_project/assets/images/brand/banner1.png
../src/current_project/assets/images/brand/banner2.png
../src/current_project/assets/images/brand/banner3.png
../src/current_project/assets/images/brand/banner31.png
../src/current_project/assets/images/brand/brand_bg.png
../src/current_project/assets/images/brand/brand_bg1.png
../src/current_project/assets/images/brand/brand_bg2.png
../src/current_project/assets/images/brand/brand_icon1.png
../src/current_project/assets/images/brand/brand_icon2.png
../src/current_project/assets/images/brand/brand_icon3.png
../src/current_project/assets/images/brand/brand_icon4.png
../src/current_project/assets/images/brand/brand_icon_play.png
../src/current_project/assets/images/brand/brand_logo.png
../src/current_project/assets/images/brand/brand_logo3.png
../src/current_project/assets/images/brand/brand_logo4.png
../src/current_project/assets/images/brand/brand_man1.png
../src/current_project/assets/images/brand/brand_man2.png
../src/current_project/assets/images/brand/brand_man3.png
../src/current_project/assets/images/brand/brand_man4.png
../src/current_project/assets/images/brand/brand_man5.png
../src/current_project/assets/images/brand/brand_phone.png
../src/current_project/assets/images/brand/brand_phone1.png
../src/current_project/assets/images/brand/brand_pic1.png
../src/current_project/assets/images/brand/brand_picJ1.png
../src/current_project/assets/images/brand/brand_picJ2.png
../src/current_project/assets/images/brand/brand_picJ3.png
../src/current_project/assets/images/brand/brand_picJ4.png
../src/current_project/assets/images/brand/brand_pic_jiangbei1.png
../src/current_project/assets/images/brand/brand_pic_jiangbei2.png
../src/current_project/assets/images/brand/brand_pic_jiangbei3.png
../src/current_project/assets/images/brand/brand_title1.png
../src/current_project/assets/images/brand/brand_title2.png
../src/current_project/assets/images/brand/iamge_banner_hezuo_3.png
../src/current_project/assets/images/brand/image_2_after.png
../src/current_project/assets/images/brand/image_y10_bg.png
../src/current_project/assets/images/brand/image_y10_img1.png
../src/current_project/assets/images/brand/image_y10_img2.png
../src/current_project/assets/images/brand/image_y10_img3.png
../src/current_project/assets/images/brand/image_y10_img4.png
../src/current_project/assets/images/brand/image_y10_left.png
../src/current_project/assets/images/brand/image_y10_right.png
../src/current_project/assets/images/brand/image_y11_bg.png
../src/current_project/assets/images/brand/image_y12_bg.png
../src/current_project/assets/images/brand/image_y12_img1.png
../src/current_project/assets/images/brand/image_y12_img2.png
../src/current_project/assets/images/brand/image_y12_img3.png
../src/current_project/assets/images/brand/image_y12_img4.png
../src/current_project/assets/images/brand/image_y13_bg.png
../src/current_project/assets/images/brand/image_y14_img1.png
../src/current_project/assets/images/brand/image_y14_img2.png
../src/current_project/assets/images/brand/image_y14_img3.png
../src/current_project/assets/images/brand/image_y14_img4.png
../src/current_project/assets/images/brand/image_y14_img5.png
../src/current_project/assets/images/brand/image_y14_img6.png
../src/current_project/assets/images/brand/image_y2_border.png
../src/current_project/assets/images/brand/image_y2_icon.png
../src/current_project/assets/images/brand/image_y2_img.png
../src/current_project/assets/images/brand/image_y2_right1.png
../src/current_project/assets/images/brand/image_y2_right2.png
../src/current_project/assets/images/brand/image_y2_right3.png
../src/current_project/assets/images/brand/image_y2_right4.png
../subReplace/git/assets/images/Shield@2x.png
../subReplace/10009/assets/images/appDownload/Device-zh-CN@2x.png
../subReplace/10009/assets/images/channel/border.png
../subReplace/10009/assets/images/channel/r-pic.png
../subReplace/10009/assets/images/error/error.png
../subReplace/10009/assets/images/register/device.png
../subReplace/10010/assets/images/appDownload/Device-zh-CN@2x.png
../subReplace/10010/assets/images/channel/border.png
../subReplace/10010/assets/images/channel/r-pic.png
../subReplace/10010/assets/images/error/error.png
../subReplace/10010/assets/images/register/device.png
../subReplace/10011/assets/images/appDownload/Device-zh-CN@2x.png
../subReplace/10011/assets/images/channel/border.png
../subReplace/10011/assets/images/channel/r-pic.png
../subReplace/10011/assets/images/error/error.png
../subReplace/10011/assets/images/register/device.png
../subReplace/10012/assets/images/appDownload/Device-zh-CN@2x.png
../subReplace/10012/assets/images/channel/border.png
../subReplace/10012/assets/images/channel/r-pic.png
../subReplace/10012/assets/images/error/error.png
../subReplace/10012/assets/images/register/device.png
../subReplace/10013/assets/images/appDownload/Device-zh-CN@2x.png
../subReplace/10013/assets/images/channel/border.png
../subReplace/10013/assets/images/channel/r-pic.png
../subReplace/10013/assets/images/error/error.png
../subReplace/10013/assets/images/register/device.png
../subReplace/10018/assets/images/appDownload/Device-zh-CN@2x.png
../subReplace/10018/assets/images/channel/border.png
../subReplace/10018/assets/images/channel/r-pic.png
../subReplace/10018/assets/images/error/error.png
../subReplace/10018/assets/images/register/device.png
../subReplace/10020/assets/images/appDownload/Device-zh-CN@2x.png
../subReplace/10020/assets/images/channel/border.png
../subReplace/10020/assets/images/channel/r-pic.png
../subReplace/10020/assets/images/error/error.png
../subReplace/10020/assets/images/register/device.png
../subReplace/10021/assets/images/appDownload/Device-zh-CN@2x.png
../subReplace/10021/assets/images/channel/border.png
../subReplace/10021/assets/images/channel/r-pic.png
../subReplace/10021/assets/images/error/error.png
../subReplace/10021/assets/images/register/device.png
../subReplace/10034/assets/images/appDownload/Device-zh-CN@2x.png
../subReplace/10034/assets/images/channel/border.png
../subReplace/10034/assets/images/channel/r-pic.png
../subReplace/10034/assets/images/error/error.png
../subReplace/10034/assets/images/register/device.png
../subReplace/10057/assets/images/appDownload/Device-zh-CN@2x.png
../subReplace/10057/assets/images/channel/border.png
../subReplace/10057/assets/images/channel/r-pic.png
../subReplace/10057/assets/images/error/error.png
../subReplace/10057/assets/images/register/device.png
